<soapenv:Envelope xmlns:soapenv="http://schemas.xmlsoap.org/soap/envelope/" xmlns:kron="http://kroniker.service.kihdb.silverbullet.dk/" xmlns:urn="urn:oio:medcom:chronic-dataset:1.0.0" xmlns:ns="http://rep.oio.dk/medcom.dk/xml/schemas/2011/06/20/">
    <soapenv:Header/>
    <soapenv:Body>
        <kron:UploadChronicDataset>
            <!--Optional:-->
            <urn:UploadChronicDatasetRequestMessage>
                <ns:MedComKD>
                    <ns:Borger>
                        <ns:CPR>2512484916</ns:CPR>
                        <ns:Fornavn>Nancy</ns:Fornavn>
                        <ns:Efternavn>Berggren</ns:Efternavn>
                        <ns:FoedselsDato>1948-12-25</ns:FoedselsDato>
                        <ns:Koen>K</ns:Koen>
                        <ns:Vej>Skovvejen 12</ns:Vej>
                        <ns:Postnummer>8010</ns:Postnummer>
                        <ns:By>Aarhus N</ns:By>
                        <ns:Kontakttelefon>86121824</ns:Kontakttelefon>
                        <ns:eMail>nb@meail.dk</ns:eMail>
                    </ns:Borger>
                    <ns:MonitoreringOgMaal>
                        <ns:BMI>
                            <ns:ID>e6aced22-6de0-11e1-b0c4-0800200c9a66</ns:ID>
                            <ns:Dato>2011-01-28T14:36:00</ns:Dato>
                            <ns:AnalyseID>6543221</ns:AnalyseID>
                            <ns:IUPAC>NPU27281</ns:IUPAC>
                            <ns:Analyse>Body Mass Index</ns:Analyse>
                            <ns:Resultat>32</ns:Resultat>
                            <ns:Enhed>kg/m2</ns:Enhed>
                            <ns:Min>18,5</ns:Min>
                            <ns:Max>25</ns:Max>
                            <ns:Abnorm>Abnorm</ns:Abnorm>
                            <ns:PatientensMaal>25</ns:PatientensMaal>
                            <ns:UdfoertAf>Sundhedshuset, Assens</ns:UdfoertAf>
                        </ns:BMI>
                    </ns:MonitoreringOgMaal>
                </ns:MedComKD>
            </urn:UploadChronicDatasetRequestMessage>
        </kron:UploadChronicDataset>
    </soapenv:Body>
</soapenv:Envelope>